<?xml version="1.0" encoding="UTF-8"?>
<!-- Generated by org.testng.reporters.JUnitXMLReporter -->
<testsuite hostname="Abdulkadirkhan" name="Login test" tests="1" failures="1" timestamp="14 Dec 2013 17:41:40 GMT" time="305.197" errors="0">
  <testcase name="doLoginTest" time="302.154" classname="testcases.LoginTest">
    <failure type="java.lang.AssertionError" message="expected [google.com] but found [Welcome to Facebook - Log In, Sign Up or Learn More]">
      <![CDATA[java.lang.AssertionError: expected [google.com] but found [Welcome to Facebook - Log In, Sign Up or Learn More]
	at ErrorCollectors.ErrorCollector.assertEquals(ErrorCollector.java:39)
	at ErrorCollectors.ErrorCollector.verifyEquals(ErrorCollector.java:92)
	at testcases.LoginTest.doLoginTest(LoginTest.java:40)
... Removed 28 stack frames]]>
    </failure>
  </testcase> <!-- doLoginTest -->
</testsuite> <!-- Login test -->
