<?xml version="1.0" encoding="UTF-8"?>
<!-- Generated by org.testng.reporters.JUnitXMLReporter -->
<testsuite hostname="Abdulkadirkhan" name="Upload a pic test" tests="1" failures="0" timestamp="14 Dec 2013 17:41:41 GMT" time="0.01" errors="0">
  <testcase name="@BeforeTest isSkip" time="0.0" classname="testcases.UploadaPicTest">
    <skipped/>
  </testcase> <!-- @BeforeTest isSkip -->
  <testcase name="uploadPic" time="0.002" classname="testcases.UploadaPicTest">
    <skipped/>
  </testcase> <!-- uploadPic -->
</testsuite> <!-- Upload a pic test -->
